INFOWatching for file changes with StatReloader
INFO"GET / HTTP/1.1" 302 0
INFO"GET /wldata/ HTTP/1.1" 200 5569
INFO"GET /static/css/app.css HTTP/1.1" 200 56
INFO"GET /static/css/bootstrap.min.css HTTP/1.1" 200 124968
INFO"GET /static/css/dashboard.css HTTP/1.1" 200 4521
INFO"GET /static/css/jquery.mCustomScrollbar.min.css HTTP/1.1" 200 42839
INFO"GET /favicon.ico HTTP/1.1" 302 0
INFOWatching for file changes with StatReloader
INFO"GET / HTTP/1.1" 302 0
INFO"GET /wldata/ HTTP/1.1" 200 5569
INFO"GET /static/css/dashboard.css HTTP/1.1" 200 4521
INFO"GET /static/css/app.css HTTP/1.1" 200 56
INFO"GET /static/css/jquery.mCustomScrollbar.min.css HTTP/1.1" 200 42839
INFO"GET /favicon.ico HTTP/1.1" 302 0
INFO"GET /logout/ HTTP/1.1" 302 0
INFO"GET /login/ HTTP/1.1" 200 3159
INFO"GET /static/css/accounts.css HTTP/1.1" 200 304
INFO"POST /login/ HTTP/1.1" 200 3369
INFO"POST /login/ HTTP/1.1" 302 0
INFO"GET / HTTP/1.1" 302 0
INFO"GET /progress/dashboard/ HTTP/1.1" 200 61740
INFO"GET /progress/dashboard/graph/22/ HTTP/1.1" 200 632
INFO"GET /progress/dashboard/graph/32/ HTTP/1.1" 200 2036
INFO"GET /progress/dashboard/graph/21/ HTTP/1.1" 200 651
INFO"GET /progress/dashboard/graph/33/ HTTP/1.1" 200 1577
INFO"GET /progress/dashboard/graph/24/ HTTP/1.1" 200 924
INFO"GET /progress/dashboard/graph/47/ HTTP/1.1" 200 887
INFO"GET /progress/dashboard/graph/2/ HTTP/1.1" 200 960
INFO"GET /progress/dashboard/graph/4/ HTTP/1.1" 200 954
INFO"GET /progress/dashboard/graph/1/ HTTP/1.1" 200 1204
INFO"GET /progress/dashboard/graph/6/ HTTP/1.1" 200 1226
INFO"GET /progress/dashboard/graph/10/ HTTP/1.1" 200 896
INFO"GET /progress/dashboard/graph/23/ HTTP/1.1" 200 1110
INFO"GET /progress/dashboard/graph/11/ HTTP/1.1" 200 1207
INFO"GET /progress/dashboard/graph/3/ HTTP/1.1" 200 921
INFO"GET /progress/dashboard/graph/5/ HTTP/1.1" 200 1141
INFO"GET /progress/dashboard/graph/12/ HTTP/1.1" 200 941
INFO"GET /progress/dashboard/graph/16/ HTTP/1.1" 200 878
INFO"GET /progress/dashboard/graph/7/ HTTP/1.1" 200 919
INFO"GET /progress/dashboard/graph/9/ HTTP/1.1" 200 916
INFO"GET /progress/dashboard/graph/8/ HTTP/1.1" 200 924
INFO"GET /progress/dashboard/graph/13/ HTTP/1.1" 200 920
INFO"GET /progress/dashboard/graph/18/ HTTP/1.1" 200 600
INFO"GET /progress/dashboard/graph/48/ HTTP/1.1" 200 931
INFO"GET /progress/dashboard/graph/15/ HTTP/1.1" 200 641
INFO"GET /progress/dashboard/graph/19/ HTTP/1.1" 200 1139
INFO"GET /progress/dashboard/graph/17/ HTTP/1.1" 200 881
INFO"GET /progress/dashboard/graph/31/ HTTP/1.1" 200 1736
INFO"GET /progress/dashboard/graph/20/ HTTP/1.1" 200 1199
INFO"GET /progress/dashboard/graph/25/ HTTP/1.1" 200 659
INFO"GET /progress/dashboard/graph/49/ HTTP/1.1" 200 1150
INFO"GET /progress/dashboard/graph/30/ HTTP/1.1" 200 1747
INFO"GET /progress/dashboard/graph/26/ HTTP/1.1" 200 1315
INFO"GET /progress/dashboard/graph/34/ HTTP/1.1" 200 1255
INFO"GET /progress/dashboard/graph/35/ HTTP/1.1" 200 940
INFO"GET /progress/dashboard/graph/28/ HTTP/1.1" 200 613
INFO"GET /progress/dashboard/graph/27/ HTTP/1.1" 200 587
INFO"GET /progress/dashboard/graph/29/ HTTP/1.1" 200 2041
INFO"GET /progress/dashboard/graph/14/ HTTP/1.1" 200 1478
INFO"GET /progress/dashboard/graph/40/ HTTP/1.1" 200 648
INFO"GET /progress/dashboard/graph/51/ HTTP/1.1" 200 1104
INFO"GET /progress/dashboard/graph/36/ HTTP/1.1" 200 1662
INFO"GET /progress/dashboard/graph/39/ HTTP/1.1" 200 884
INFO"GET /progress/dashboard/graph/53/ HTTP/1.1" 200 905
INFO"GET /progress/dashboard/graph/37/ HTTP/1.1" 200 1526
INFO"GET /progress/dashboard/graph/41/ HTTP/1.1" 200 1406
ERRORInternal Server Error: /progress/dashboard/graph/38/
Traceback (most recent call last):
  File "E:\Website_26_07_2020\cmis6\djangoenv\lib\site-packages\django\core\handlers\exception.py", line 47, in inner
    response = get_response(request)
  File "E:\Website_26_07_2020\cmis6\djangoenv\lib\site-packages\django\core\handlers\base.py", line 179, in _get_response
    response = wrapped_callback(request, *callback_args, **callback_kwargs)
  File "E:\Website_24_11_2020\cmis6\cmis6\progress\views.py", line 884, in dashBoard_Graph
    mydata=calculatePackageProgressData2(civts,user)
  File "E:\Website_24_11_2020\cmis6\cmis6\progress\auxilaryquery.py", line 688, in calculatePackageProgressData2
    length=float(dpp_item.length)
TypeError: float() argument must be a string or a number, not 'NoneType'
INFO"GET /admin/ HTTP/1.1" 200 26887
INFO"GET /static/admin/css/dashboard.css HTTP/1.1" 200 380
INFO"GET /static/admin/css/responsive.css HTTP/1.1" 200 18617
INFO"GET /static/admin/css/fonts.css HTTP/1.1" 200 423
INFO"GET /static/admin/fonts/Roboto-Regular-webfont.woff HTTP/1.1" 200 85876
INFO"GET /static/admin/fonts/Roboto-Light-webfont.woff HTTP/1.1" 200 85692
INFO"GET /static/admin/img/icon-addlink.svg HTTP/1.1" 200 331
INFO"GET /static/admin/img/icon-changelink.svg HTTP/1.1" 200 380
INFO"GET /static/admin/fonts/Roboto-Bold-webfont.woff HTTP/1.1" 200 86184
INFO"GET /admin/pac/invoiceimage/ HTTP/1.1" 200 31280
INFO"GET /static/admin/css/changelists.css HTTP/1.1" 200 6284
INFO"GET /admin/jsi18n/ HTTP/1.1" 200 3187
INFO"GET /static/admin/js/jquery.init.js HTTP/1.1" 200 347
INFO"GET /static/admin/img/tooltag-add.svg HTTP/1.1" 200 331
INFO"GET /admin/ HTTP/1.1" 200 26887
INFO"GET /admin/pac/invoice_details/ HTTP/1.1" 200 42154
INFO"GET /admin/jsi18n/ HTTP/1.1" 200 3187
INFO"GET /admin/pac/invoice_details/export/? HTTP/1.1" 200 18558
INFO"GET /static/admin/css/forms.css HTTP/1.1" 200 8399
INFO"POST /admin/pac/invoice_details/export/? HTTP/1.1" 200 97992
INFO"GET / HTTP/1.1" 302 0
INFO"GET /login/?next=/ HTTP/1.1" 200 3159
INFO"GET /static/css/app.css HTTP/1.1" 200 56
INFO"GET /static/css/accounts.css HTTP/1.1" 200 304
INFO"GET /static/css/bootstrap.min.css HTTP/1.1" 200 124968
INFO"GET /static/js/jquery-3.2.1.min.js HTTP/1.1" 200 86663
INFO"GET /static/js/jspdf.plugin.autotable.js HTTP/1.1" 200 72334
INFO"GET /static/js/popper.min.js HTTP/1.1" 200 21009
INFO"GET /static/js/tableHTMLExport.js HTTP/1.1" 200 7293
INFO"GET /static/js/jspdf.min.js HTTP/1.1" 200 307243
INFO"GET /static/js/bootstrap.min.js HTTP/1.1" 200 60016
INFO"GET /static/js/highcharts.js HTTP/1.1" 200 233828
INFO"GET /favicon.ico HTTP/1.1" 302 0
WARNING"GET /static/images/cmis.Icon HTTP/1.1" 404 1775
INFO"GET /admin/pac/invoiceimage/ HTTP/1.1" 200 31280
INFO"GET /admin/jsi18n/ HTTP/1.1" 200 3187
INFO"GET /admin/pac/invoiceimage/export/? HTTP/1.1" 200 18550
INFO"POST /admin/pac/invoiceimage/export/? HTTP/1.1" 200 7122
INFO"GET /admin/pac/invoice_details/ HTTP/1.1" 200 42154
INFO"GET /admin/jsi18n/ HTTP/1.1" 200 3187
INFO"GET /admin/pac/invoice_details/10118/change/ HTTP/1.1" 200 27815
INFO"GET /static/admin/js/calendar.js HTTP/1.1" 304 0
INFO"GET /admin/jsi18n/ HTTP/1.1" 200 3187
INFO"GET /static/admin/js/admin/DateTimeShortcuts.js HTTP/1.1" 304 0
INFO"GET /static/admin/img/icon-deletelink.svg HTTP/1.1" 200 392
INFO"GET /static/admin/img/icon-calendar.svg HTTP/1.1" 200 1086
INFO"GET /admin/pac/invoice_details/10118/delete/ HTTP/1.1" 200 18961
INFO"POST /admin/pac/invoice_details/10118/delete/ HTTP/1.1" 302 0
INFO"GET /admin/pac/invoice_details/ HTTP/1.1" 200 42313
INFO"GET /admin/jsi18n/ HTTP/1.1" 200 3187
INFO"GET /static/admin/img/icon-yes.svg HTTP/1.1" 200 436
INFOWatching for file changes with StatReloader
INFO"GET /admin/pac/invoice_details/ HTTP/1.1" 200 42154
INFO"GET /static/admin/js/nav_sidebar.js HTTP/1.1" 304 0
INFO"GET /static/admin/js/prepopulate.js HTTP/1.1" 304 0
INFO"GET /static/admin/js/admin/RelatedObjectLookups.js HTTP/1.1" 304 0
INFO"GET /static/admin/js/vendor/xregexp/xregexp.js HTTP/1.1" 304 0
INFO"GET /static/admin/js/jquery.init.js HTTP/1.1" 304 0
INFO"GET /static/admin/js/core.js HTTP/1.1" 304 0
INFO"GET /static/admin/js/urlify.js HTTP/1.1" 304 0
INFO"GET /static/admin/js/vendor/jquery/jquery.js HTTP/1.1" 304 0
INFO"GET /static/admin/js/actions.js HTTP/1.1" 304 0
INFO"GET /admin/jsi18n/ HTTP/1.1" 200 3187
INFO"GET /static/admin/fonts/Roboto-Regular-webfont.woff HTTP/1.1" 200 85876
INFO"GET /static/admin/fonts/Roboto-Light-webfont.woff HTTP/1.1" 200 85692
INFO"GET /static/admin/fonts/Roboto-Bold-webfont.woff HTTP/1.1" 200 86184
INFO"GET /admin/pac/invoice_details/10119/change/ HTTP/1.1" 200 27815
INFO"GET /admin/jsi18n/ HTTP/1.1" 200 3187
INFO"GET /admin/pac/invoice_details/10119/delete/ HTTP/1.1" 200 18961
INFO"POST /admin/pac/invoice_details/10119/delete/ HTTP/1.1" 302 0
INFO"GET /admin/pac/invoice_details/ HTTP/1.1" 200 42313
INFO"GET /admin/jsi18n/ HTTP/1.1" 200 3187
